[2026-02-04 15:49:15] INFO: Servidor iniciado en puerto 3001
[2026-02-04 15:49:15] INFO: Entorno: development
[2026-02-04 15:50:01] INFO: Login exitoso - Usuario: admin@gmail.com (ID: 1)
[2026-02-04 15:52:54] INFO: Servidor iniciado en puerto 3001
[2026-02-04 15:52:54] INFO: Entorno: development
[2026-02-04 15:56:53] INFO: Servidor iniciado en puerto 3001
[2026-02-04 15:56:53] INFO: Entorno: development
[2026-02-04 15:57:54] INFO: Servidor iniciado en puerto 3001
[2026-02-04 15:57:54] INFO: Entorno: development
[2026-02-04 15:58:16] INFO: Login exitoso - Usuario: admin@gmail.com (ID: 1)
[2026-02-04 16:09:33] INFO: Servidor iniciado en puerto 3001
[2026-02-04 16:09:37] INFO: Servidor iniciado en puerto 3001
[2026-02-04 16:09:37] INFO: Entorno: development
[2026-02-04 16:09:59] INFO: Servidor iniciado en puerto 3001
[2026-02-04 16:09:59] INFO: Entorno: development
[2026-02-04 16:10:47] INFO: Login exitoso - Usuario: admin@gmail.com (ID: 1)
[2026-02-04 16:30:57] WARN: Contraseña incorrecta para usuario: entrenador@gmail.com
[2026-02-04 16:31:01] INFO: Login exitoso - Participante: entrenador@gmail.com (ID: 1)
[2026-02-04 16:31:26] WARN: Contraseña incorrecta para usuario: entrenador@gmail.com
[2026-02-04 16:31:30] INFO: Login exitoso - Usuario: admin@gmail.com (ID: 1)
[2026-02-04 16:32:14] WARN: Contraseña incorrecta para usuario: entrenador@gmail.com
[2026-02-04 16:32:16] INFO: Login exitoso - Participante: entrenador@gmail.com (ID: 1)
[2026-02-04 16:32:40] INFO: Login exitoso - Usuario: admin@gmail.com (ID: 1)
[2026-02-04 16:33:19] INFO: Nuevo participante creado: fabraidee@gmail.com (ID: 2) por usuario 1
[2026-02-04 16:33:33] INFO: Login exitoso - Participante: fabraidee@gmail.com (ID: 2)
[2026-02-04 16:34:09] INFO: Login exitoso - Usuario: admin@gmail.com (ID: 1)
[2026-02-04 16:34:21] INFO: Participante eliminado (soft delete): ID 1 por usuario 1
[2026-02-04 16:34:26] WARN: Contraseña incorrecta para usuario: entrenador@gmail.com
[2026-02-04 16:37:05] WARN: Contraseña incorrecta para usuario: entrenador@gmail.com
[2026-02-04 16:38:25] INFO: Servidor iniciado en puerto 3001
[2026-02-04 16:38:25] INFO: Entorno: development
[2026-02-04 16:38:40] WARN: Contraseña incorrecta para usuario: entrenador@gmail.com
[2026-02-04 16:38:48] WARN: Contraseña incorrecta para usuario: entrenador@gmail.com
[2026-02-04 16:38:51] WARN: Intento de login fallido para participante: entrenador@gmail.com
[2026-02-04 16:38:55] WARN: Intento de login fallido para usuario: fabraidee@gmail.com
[2026-02-04 16:39:02] INFO: Login exitoso - Participante: fabraidee@gmail.com (ID: 2)
[2026-02-04 16:39:18] WARN: Contraseña incorrecta para usuario: entrenador@gmail.com
[2026-02-04 16:45:52] INFO: Servidor iniciado en puerto 3001
[2026-02-04 16:45:52] INFO: Entorno: development
[2026-02-04 16:47:06] INFO: Login exitoso - Usuario: entrenador@gmail.com (ID: 3)
[2026-02-04 17:24:02] INFO: Servidor iniciado en puerto 3001
[2026-02-04 17:24:02] INFO: Entorno: development
[2026-02-04 17:24:53] INFO: Servidor iniciado en puerto 3001
[2026-02-04 17:24:53] INFO: Entorno: development
[2026-02-04 17:26:58] INFO: Servidor iniciado en puerto 3001
[2026-02-04 17:26:58] INFO: Entorno: development
[2026-02-04 17:27:21] INFO: Login exitoso - Usuario: entrenador@gmail.com (ID: 3)
[2026-02-04 17:31:37] INFO: Login exitoso - Participante: fabraidee@gmail.com (ID: 2)
[2026-02-04 17:32:28] INFO: Login exitoso - Usuario: entrenador@gmail.com (ID: 3)
[2026-02-04 17:35:55] INFO: Servidor iniciado en puerto 3001
[2026-02-04 17:35:55] INFO: Entorno: development
[2026-02-04 17:36:13] INFO: Servidor iniciado en puerto 3001
[2026-02-04 17:36:13] INFO: Entorno: development
[2026-02-04 17:40:14] INFO: Servidor iniciado en puerto 3001
[2026-02-04 17:40:14] INFO: Entorno: development
[2026-02-04 17:40:26] INFO: Servidor iniciado en puerto 3001
[2026-02-04 17:40:26] INFO: Entorno: development
[2026-02-04 17:40:36] INFO: Servidor iniciado en puerto 3001
[2026-02-04 17:40:36] INFO: Entorno: development
[2026-02-04 17:40:43] INFO: Servidor iniciado en puerto 3001
[2026-02-04 17:40:43] INFO: Entorno: development
[2026-02-04 17:40:59] INFO: Servidor iniciado en puerto 3001
[2026-02-04 17:40:59] INFO: Entorno: development
[2026-02-04 17:41:17] INFO: Servidor iniciado en puerto 3001
[2026-02-04 17:41:17] INFO: Entorno: development
[2026-02-04 17:43:53] INFO: Servidor iniciado en puerto 3001
[2026-02-04 17:43:53] INFO: Entorno: development
[2026-02-04 17:45:03] INFO: Servidor iniciado en puerto 3001
[2026-02-04 17:45:03] INFO: Entorno: development
[2026-02-04 17:49:55] INFO: Servidor iniciado en puerto 3001
[2026-02-04 17:49:55] INFO: Entorno: development
[2026-02-04 17:50:47] INFO: Login exitoso - Usuario: entrenador@gmail.com (ID: 3)
[2026-02-04 18:03:00] INFO: Login exitoso - Usuario: admin@gmail.com (ID: 1)
[2026-02-04 18:04:42] INFO: Servidor iniciado en puerto 3001
[2026-02-04 18:04:42] INFO: Entorno: development
[2026-02-04 18:05:10] INFO: Login exitoso - Usuario: admin@gmail.com (ID: 1)
[2026-02-04 18:05:52] INFO: Nuevo participante creado: mario@gmail.com (ID: 3) por usuario 1
[2026-02-04 18:06:15] INFO: Participante eliminado (soft delete): ID 3 por usuario 1
[2026-02-04 18:08:04] INFO: Servidor iniciado en puerto 3001
[2026-02-04 18:08:04] INFO: Entorno: development
[2026-02-04 18:09:07] INFO: Servidor iniciado en puerto 3001
[2026-02-04 18:09:07] INFO: Entorno: development
[2026-02-04 18:09:59] INFO: Servidor iniciado en puerto 3001
[2026-02-04 18:09:59] INFO: Entorno: development
[2026-02-04 18:11:26] WARN: Intento de login fallido para usuario: mario@gmail.com
[2026-02-04 18:11:29] WARN: Intento de login fallido para participante: mario@gmail.com
[2026-02-04 18:11:32] INFO: Login exitoso - Usuario: admin@gmail.com (ID: 1)
[2026-02-04 18:12:29] ERROR: Error en POST /api/participantes:
Error: PROCEDURE vigoroso_gym.sp_reactivar_participante does not exist
    at PromisePool.query (C:\Users\baide\Desktop\gitRepo\vigoroso-gym-mejorado\backend\node_modules\mysql2\lib\promise\pool.js:36:22)
    at C:\Users\baide\Desktop\gitRepo\vigoroso-gym-mejorado\backend\controllers\participantesController.js:67:35
[2026-02-04 18:17:11] INFO: Servidor iniciado en puerto 3001
[2026-02-04 18:17:11] INFO: Entorno: development
[2026-02-04 18:18:04] ERROR: Error en POST /api/participantes:
Error: Unknown column 'usuario_modificador_id' in 'field list'
    at PromisePool.query (C:\Users\baide\Desktop\gitRepo\vigoroso-gym-mejorado\backend\node_modules\mysql2\lib\promise\pool.js:36:22)
    at C:\Users\baide\Desktop\gitRepo\vigoroso-gym-mejorado\backend\controllers\participantesController.js:67:35
[2026-02-04 18:19:11] ERROR: Error en POST /api/participantes:
Error: Unknown column 'usuario_modificador_id' in 'field list'
    at PromisePool.query (C:\Users\baide\Desktop\gitRepo\vigoroso-gym-mejorado\backend\node_modules\mysql2\lib\promise\pool.js:36:22)
    at C:\Users\baide\Desktop\gitRepo\vigoroso-gym-mejorado\backend\controllers\participantesController.js:67:35
[2026-02-04 18:22:20] INFO: Servidor iniciado en puerto 3001
[2026-02-04 18:22:20] INFO: Entorno: development
[2026-02-04 18:22:35] ERROR: Error en POST /api/participantes:
Error: Unknown column 'fecha_actualizacion' in 'field list'
    at PromisePool.query (C:\Users\baide\Desktop\gitRepo\vigoroso-gym-mejorado\backend\node_modules\mysql2\lib\promise\pool.js:36:22)
    at C:\Users\baide\Desktop\gitRepo\vigoroso-gym-mejorado\backend\controllers\participantesController.js:67:35
[2026-02-04 18:23:31] ERROR: Error en POST /api/participantes:
Error: Unknown column 'fecha_actualizacion' in 'field list'
    at PromisePool.query (C:\Users\baide\Desktop\gitRepo\vigoroso-gym-mejorado\backend\node_modules\mysql2\lib\promise\pool.js:36:22)
    at C:\Users\baide\Desktop\gitRepo\vigoroso-gym-mejorado\backend\controllers\participantesController.js:67:35
[2026-02-04 18:23:46] INFO: Servidor iniciado en puerto 3001
[2026-02-04 18:23:46] INFO: Entorno: development
[2026-02-04 18:24:16] ERROR: Error en POST /api/participantes:
Error: Unknown column 'fecha_actualizacion' in 'field list'
    at PromisePool.query (C:\Users\baide\Desktop\gitRepo\vigoroso-gym-mejorado\backend\node_modules\mysql2\lib\promise\pool.js:36:22)
    at C:\Users\baide\Desktop\gitRepo\vigoroso-gym-mejorado\backend\controllers\participantesController.js:67:35
[2026-02-04 20:11:45] INFO: Servidor iniciado en puerto 3001
[2026-02-04 20:11:45] INFO: Entorno: development
[2026-02-05 11:22:32] INFO: Servidor iniciado en puerto 3001
[2026-02-05 11:22:32] INFO: Entorno: development
[2026-02-05 11:29:40] INFO: Login exitoso - Usuario: admin@gmail.com (ID: 1)
[2026-02-05 11:30:21] INFO: Login exitoso - Usuario: entrenador@gmail.com (ID: 3)
[2026-02-05 14:18:02] INFO: Servidor iniciado en puerto 3001
[2026-02-05 14:18:02] INFO: Entorno: development
[2026-02-05 14:28:56] INFO: Login exitoso - Usuario: admin@gmail.com (ID: 1)
[2026-02-05 14:44:12] INFO: Login exitoso - Usuario: admin@gmail.com (ID: 1)
[2026-02-05 15:07:47] INFO: Login exitoso - Usuario: admin@gmail.com (ID: 1)
[2026-02-05 20:15:54] INFO: Login exitoso - Participante: fabraidee@gmail.com (ID: 2)
[2026-02-05 20:16:07] WARN: Intento de login fallido para participante: entrenador@gmail.com
[2026-02-05 20:16:09] INFO: Login exitoso - Usuario: entrenador@gmail.com (ID: 3)
[2026-02-05 20:25:28] INFO: Servidor iniciado en puerto 3001
[2026-02-05 20:25:28] INFO: Entorno: development
[2026-02-07 14:33:07] INFO: Servidor iniciado en puerto 3001
[2026-02-07 14:33:07] INFO: Entorno: development
[2026-02-07 14:33:51] INFO: Login exitoso - Usuario: admin@gmail.com (ID: 1)
[2026-02-07 14:56:36] INFO: Servidor iniciado en puerto 3001
[2026-02-07 14:56:36] INFO: Entorno: development
[2026-02-07 15:01:54] INFO: Servidor iniciado en puerto 3001
[2026-02-07 15:01:54] INFO: Entorno: development
[2026-02-07 15:05:33] INFO: Servidor iniciado en puerto 3001
[2026-02-07 15:05:33] INFO: Entorno: development
[2026-02-07 15:10:11] INFO: Servidor iniciado en puerto 3001
[2026-02-07 15:10:11] INFO: Entorno: development
[2026-02-07 15:18:32] INFO: Servidor iniciado en puerto 3001
[2026-02-07 15:18:32] INFO: Entorno: development
[2026-02-07 15:18:53] INFO: Servidor iniciado en puerto 3001
[2026-02-07 15:18:53] INFO: Entorno: development
[2026-02-07 15:19:32] INFO: Servidor iniciado en puerto 3001
[2026-02-07 15:19:32] INFO: Entorno: development
[2026-02-07 15:25:12] INFO: Servidor iniciado en puerto 3001
[2026-02-07 15:25:12] INFO: Entorno: development
[2026-02-07 15:25:48] INFO: Servidor iniciado en puerto 3001
[2026-02-07 15:25:48] INFO: Entorno: development
[2026-02-07 15:27:02] INFO: Servidor iniciado en puerto 3001
[2026-02-07 15:27:02] INFO: Entorno: development
[2026-02-07 15:29:02] INFO: Login exitoso - Usuario: entrenador@gmail.com (ID: 3)
[2026-02-07 15:35:52] INFO: Servidor iniciado en puerto 3001
[2026-02-07 15:35:52] INFO: Entorno: development
[2026-02-07 15:36:49] INFO: Login exitoso - Usuario: entrenador@gmail.com (ID: 3)
[2026-02-07 15:53:00] INFO: Login exitoso - Participante: fabraidee@gmail.com (ID: 2)
[2026-02-07 15:58:34] INFO: Servidor iniciado en puerto 3001
[2026-02-07 15:58:34] INFO: Entorno: development
[2026-02-07 15:58:40] WARN: Contraseña incorrecta para participante: fabraidee@gmail.com
[2026-02-07 15:59:15] INFO: Servidor iniciado en puerto 3001
[2026-02-07 15:59:15] INFO: Entorno: development
[2026-02-07 15:59:49] WARN: Contraseña incorrecta para participante: fabraidee@gmail.com
[2026-02-07 15:59:55] WARN: Contraseña incorrecta para participante: fabraidee@gmail.com
[2026-02-07 16:02:22] INFO: Servidor iniciado en puerto 3001
[2026-02-07 16:02:22] INFO: Entorno: development
[2026-02-07 16:05:30] INFO: Login exitoso - Participante: fabraidee@gmail.com (ID: 2)
[2026-02-07 16:15:01] INFO: Servidor iniciado en puerto 3001
[2026-02-07 16:15:01] INFO: Entorno: development
[2026-02-07 16:15:11] INFO: Servidor iniciado en puerto 3001
[2026-02-07 16:15:11] INFO: Entorno: development
[2026-02-07 16:17:48] INFO: Servidor iniciado en puerto 3001
[2026-02-07 16:17:48] INFO: Entorno: development
[2026-02-07 16:18:19] INFO: Login exitoso - Participante: fabraidee@gmail.com (ID: 2)
[2026-02-07 16:22:23] INFO: Login exitoso - Participante: fabraidee@gmail.com (ID: 2)
[2026-02-07 16:26:28] INFO: Servidor iniciado en puerto 3001
[2026-02-07 16:26:28] INFO: Entorno: development
[2026-02-07 16:26:40] INFO: Servidor iniciado en puerto 3001
[2026-02-07 16:26:40] INFO: Entorno: development
[2026-02-07 16:26:56] INFO: Servidor iniciado en puerto 3001
[2026-02-07 16:26:56] INFO: Entorno: development
[2026-02-07 16:27:17] INFO: Servidor iniciado en puerto 3001
[2026-02-07 16:27:17] INFO: Entorno: development
[2026-02-07 16:27:59] INFO: Servidor iniciado en puerto 3001
[2026-02-07 16:27:59] INFO: Entorno: development
[2026-02-07 16:30:54] INFO: Login exitoso - Usuario: entrenador@gmail.com (ID: 3)
[2026-02-07 20:25:15] INFO: Login exitoso - Usuario: entrenador@gmail.com (ID: 3)
[2026-02-07 20:26:38] INFO: Nuevo participante creado: anny21@gmail.com (ID: 4) por usuario 3
[2026-02-07 20:30:55] WARN: Intento de login fallido para usuario: anny21@gmail.com
[2026-02-07 20:31:02] INFO: Login exitoso - Participante: anny21@gmail.com (ID: 4)
[2026-02-07 20:32:09] INFO: Login exitoso - Participante: anny21@gmail.com (ID: 4)
[2026-02-07 20:32:31] INFO: Login exitoso - Participante: fabraidee@gmail.com (ID: 2)
[2026-02-07 20:35:38] INFO: Login exitoso - Usuario: entrenador@gmail.com (ID: 3)
[2026-02-07 20:37:50] WARN: Intento de login fallido para usuario: fabraidee@gmail.com
[2026-02-07 20:37:53] INFO: Login exitoso - Participante: fabraidee@gmail.com (ID: 2)
[2026-02-07 20:39:43] WARN: Intento de login fallido para usuario: fabraidee@gmail.com
[2026-02-07 20:39:45] INFO: Login exitoso - Participante: fabraidee@gmail.com (ID: 2)
[2026-02-07 20:40:27] INFO: Login exitoso - Usuario: admin@gmail.com (ID: 1)
[2026-02-07 20:46:12] INFO: Login exitoso - Usuario: entrenador@gmail.com (ID: 3)
[2026-02-07 21:06:56] INFO: Servidor iniciado en puerto 3001
[2026-02-07 21:06:56] INFO: Entorno: development
[2026-02-07 21:07:41] INFO: Login exitoso - Usuario: admin@gmail.com (ID: 1)
[2026-02-07 21:07:41] ERROR: Error en GET /api/usuarios:
Error: Unknown column 'created_at' in 'field list'
    at PromisePool.query (D:\Proyectos\RepoGIT\vigoroso-gym-mejorado\backend\node_modules\mysql2\lib\promise\pool.js:36:22)
    at D:\Proyectos\RepoGIT\vigoroso-gym-mejorado\backend\routes\usuarios.js:9:33
    at D:\Proyectos\RepoGIT\vigoroso-gym-mejorado\backend\utils\asyncHandler.js:5:19
    at Layer.handle [as handle_request] (D:\Proyectos\RepoGIT\vigoroso-gym-mejorado\backend\node_modules\express\lib\router\layer.js:95:5)
    at next (D:\Proyectos\RepoGIT\vigoroso-gym-mejorado\backend\node_modules\express\lib\router\route.js:149:13)
    at isAdmin (D:\Proyectos\RepoGIT\vigoroso-gym-mejorado\backend\middleware\auth.js:34:3)
    at Layer.handle [as handle_request] (D:\Proyectos\RepoGIT\vigoroso-gym-mejorado\backend\node_modules\express\lib\router\layer.js:95:5)
    at next (D:\Proyectos\RepoGIT\vigoroso-gym-mejorado\backend\node_modules\express\lib\router\route.js:149:13)
    at authenticateToken (D:\Proyectos\RepoGIT\vigoroso-gym-mejorado\backend\middleware\auth.js:15:5)
    at Layer.handle [as handle_request] (D:\Proyectos\RepoGIT\vigoroso-gym-mejorado\backend\node_modules\express\lib\router\layer.js:95:5)
[2026-02-07 21:07:41] ERROR: Error en GET /api/usuarios:
Error: Unknown column 'created_at' in 'field list'
    at PromisePool.query (D:\Proyectos\RepoGIT\vigoroso-gym-mejorado\backend\node_modules\mysql2\lib\promise\pool.js:36:22)
    at D:\Proyectos\RepoGIT\vigoroso-gym-mejorado\backend\routes\usuarios.js:9:33
    at D:\Proyectos\RepoGIT\vigoroso-gym-mejorado\backend\utils\asyncHandler.js:5:19
    at Layer.handle [as handle_request] (D:\Proyectos\RepoGIT\vigoroso-gym-mejorado\backend\node_modules\express\lib\router\layer.js:95:5)
    at next (D:\Proyectos\RepoGIT\vigoroso-gym-mejorado\backend\node_modules\express\lib\router\route.js:149:13)
    at isAdmin (D:\Proyectos\RepoGIT\vigoroso-gym-mejorado\backend\middleware\auth.js:34:3)
    at Layer.handle [as handle_request] (D:\Proyectos\RepoGIT\vigoroso-gym-mejorado\backend\node_modules\express\lib\router\layer.js:95:5)
    at next (D:\Proyectos\RepoGIT\vigoroso-gym-mejorado\backend\node_modules\express\lib\router\route.js:149:13)
    at authenticateToken (D:\Proyectos\RepoGIT\vigoroso-gym-mejorado\backend\middleware\auth.js:15:5)
    at Layer.handle [as handle_request] (D:\Proyectos\RepoGIT\vigoroso-gym-mejorado\backend\node_modules\express\lib\router\layer.js:95:5)
[2026-02-07 21:08:12] INFO: Login exitoso - Usuario: entrenador@gmail.com (ID: 3)
[2026-02-07 21:09:21] INFO: Login exitoso - Participante: fabraidee@gmail.com (ID: 2)
[2026-02-07 21:09:53] INFO: Login exitoso - Usuario: entrenador@gmail.com (ID: 3)
[2026-02-07 21:13:45] INFO: Login exitoso - Usuario: entrenador@gmail.com (ID: 3)
[2026-02-07 21:14:05] INFO: Login exitoso - Usuario: admin@gmail.com (ID: 1)
[2026-02-07 21:14:05] ERROR: Error en GET /api/usuarios:
Error: Unknown column 'created_at' in 'field list'
    at PromisePool.query (D:\Proyectos\RepoGIT\vigoroso-gym-mejorado\backend\node_modules\mysql2\lib\promise\pool.js:36:22)
    at D:\Proyectos\RepoGIT\vigoroso-gym-mejorado\backend\routes\usuarios.js:9:33
    at D:\Proyectos\RepoGIT\vigoroso-gym-mejorado\backend\utils\asyncHandler.js:5:19
    at Layer.handle [as handle_request] (D:\Proyectos\RepoGIT\vigoroso-gym-mejorado\backend\node_modules\express\lib\router\layer.js:95:5)
    at next (D:\Proyectos\RepoGIT\vigoroso-gym-mejorado\backend\node_modules\express\lib\router\route.js:149:13)
    at isAdmin (D:\Proyectos\RepoGIT\vigoroso-gym-mejorado\backend\middleware\auth.js:34:3)
    at Layer.handle [as handle_request] (D:\Proyectos\RepoGIT\vigoroso-gym-mejorado\backend\node_modules\express\lib\router\layer.js:95:5)
    at next (D:\Proyectos\RepoGIT\vigoroso-gym-mejorado\backend\node_modules\express\lib\router\route.js:149:13)
    at authenticateToken (D:\Proyectos\RepoGIT\vigoroso-gym-mejorado\backend\middleware\auth.js:15:5)
    at Layer.handle [as handle_request] (D:\Proyectos\RepoGIT\vigoroso-gym-mejorado\backend\node_modules\express\lib\router\layer.js:95:5)
[2026-02-07 21:14:05] ERROR: Error en GET /api/usuarios:
Error: Unknown column 'created_at' in 'field list'
    at PromisePool.query (D:\Proyectos\RepoGIT\vigoroso-gym-mejorado\backend\node_modules\mysql2\lib\promise\pool.js:36:22)
    at D:\Proyectos\RepoGIT\vigoroso-gym-mejorado\backend\routes\usuarios.js:9:33
    at D:\Proyectos\RepoGIT\vigoroso-gym-mejorado\backend\utils\asyncHandler.js:5:19
    at Layer.handle [as handle_request] (D:\Proyectos\RepoGIT\vigoroso-gym-mejorado\backend\node_modules\express\lib\router\layer.js:95:5)
    at next (D:\Proyectos\RepoGIT\vigoroso-gym-mejorado\backend\node_modules\express\lib\router\route.js:149:13)
    at isAdmin (D:\Proyectos\RepoGIT\vigoroso-gym-mejorado\backend\middleware\auth.js:34:3)
    at Layer.handle [as handle_request] (D:\Proyectos\RepoGIT\vigoroso-gym-mejorado\backend\node_modules\express\lib\router\layer.js:95:5)
    at next (D:\Proyectos\RepoGIT\vigoroso-gym-mejorado\backend\node_modules\express\lib\router\route.js:149:13)
    at authenticateToken (D:\Proyectos\RepoGIT\vigoroso-gym-mejorado\backend\middleware\auth.js:15:5)
    at Layer.handle [as handle_request] (D:\Proyectos\RepoGIT\vigoroso-gym-mejorado\backend\node_modules\express\lib\router\layer.js:95:5)
[2026-02-07 21:36:43] INFO: Servidor iniciado en puerto 3001
[2026-02-07 21:36:43] INFO: Entorno: development
[2026-02-07 21:37:32] ERROR: Error en GET /api/usuarios:
Error: Unknown column 'created_at' in 'field list'
    at PromisePool.query (D:\Proyectos\RepoGIT\vigoroso-gym-mejorado\backend\node_modules\mysql2\lib\promise\pool.js:36:22)
    at D:\Proyectos\RepoGIT\vigoroso-gym-mejorado\backend\routes\usuarios.js:25:33
    at D:\Proyectos\RepoGIT\vigoroso-gym-mejorado\backend\utils\asyncHandler.js:5:19
    at Layer.handle [as handle_request] (D:\Proyectos\RepoGIT\vigoroso-gym-mejorado\backend\node_modules\express\lib\router\layer.js:95:5)
    at next (D:\Proyectos\RepoGIT\vigoroso-gym-mejorado\backend\node_modules\express\lib\router\route.js:149:13)
    at isAdmin (D:\Proyectos\RepoGIT\vigoroso-gym-mejorado\backend\middleware\auth.js:34:3)
    at Layer.handle [as handle_request] (D:\Proyectos\RepoGIT\vigoroso-gym-mejorado\backend\node_modules\express\lib\router\layer.js:95:5)
    at next (D:\Proyectos\RepoGIT\vigoroso-gym-mejorado\backend\node_modules\express\lib\router\route.js:149:13)
    at authenticateToken (D:\Proyectos\RepoGIT\vigoroso-gym-mejorado\backend\middleware\auth.js:15:5)
    at Layer.handle [as handle_request] (D:\Proyectos\RepoGIT\vigoroso-gym-mejorado\backend\node_modules\express\lib\router\layer.js:95:5)
[2026-02-07 21:37:32] ERROR: Error en GET /api/usuarios:
Error: Unknown column 'created_at' in 'field list'
    at PromisePool.query (D:\Proyectos\RepoGIT\vigoroso-gym-mejorado\backend\node_modules\mysql2\lib\promise\pool.js:36:22)
    at D:\Proyectos\RepoGIT\vigoroso-gym-mejorado\backend\routes\usuarios.js:25:33
    at D:\Proyectos\RepoGIT\vigoroso-gym-mejorado\backend\utils\asyncHandler.js:5:19
    at Layer.handle [as handle_request] (D:\Proyectos\RepoGIT\vigoroso-gym-mejorado\backend\node_modules\express\lib\router\layer.js:95:5)
    at next (D:\Proyectos\RepoGIT\vigoroso-gym-mejorado\backend\node_modules\express\lib\router\route.js:149:13)
    at isAdmin (D:\Proyectos\RepoGIT\vigoroso-gym-mejorado\backend\middleware\auth.js:34:3)
    at Layer.handle [as handle_request] (D:\Proyectos\RepoGIT\vigoroso-gym-mejorado\backend\node_modules\express\lib\router\layer.js:95:5)
    at next (D:\Proyectos\RepoGIT\vigoroso-gym-mejorado\backend\node_modules\express\lib\router\route.js:149:13)
    at authenticateToken (D:\Proyectos\RepoGIT\vigoroso-gym-mejorado\backend\middleware\auth.js:15:5)
    at Layer.handle [as handle_request] (D:\Proyectos\RepoGIT\vigoroso-gym-mejorado\backend\node_modules\express\lib\router\layer.js:95:5)
[2026-02-07 21:38:00] ERROR: Error en GET /api/usuarios:
Error: Unknown column 'created_at' in 'field list'
    at PromisePool.query (D:\Proyectos\RepoGIT\vigoroso-gym-mejorado\backend\node_modules\mysql2\lib\promise\pool.js:36:22)
    at D:\Proyectos\RepoGIT\vigoroso-gym-mejorado\backend\routes\usuarios.js:25:33
    at D:\Proyectos\RepoGIT\vigoroso-gym-mejorado\backend\utils\asyncHandler.js:5:19
    at Layer.handle [as handle_request] (D:\Proyectos\RepoGIT\vigoroso-gym-mejorado\backend\node_modules\express\lib\router\layer.js:95:5)
    at next (D:\Proyectos\RepoGIT\vigoroso-gym-mejorado\backend\node_modules\express\lib\router\route.js:149:13)
    at isAdmin (D:\Proyectos\RepoGIT\vigoroso-gym-mejorado\backend\middleware\auth.js:34:3)
    at Layer.handle [as handle_request] (D:\Proyectos\RepoGIT\vigoroso-gym-mejorado\backend\node_modules\express\lib\router\layer.js:95:5)
    at next (D:\Proyectos\RepoGIT\vigoroso-gym-mejorado\backend\node_modules\express\lib\router\route.js:149:13)
    at authenticateToken (D:\Proyectos\RepoGIT\vigoroso-gym-mejorado\backend\middleware\auth.js:15:5)
    at Layer.handle [as handle_request] (D:\Proyectos\RepoGIT\vigoroso-gym-mejorado\backend\node_modules\express\lib\router\layer.js:95:5)
[2026-02-07 21:38:00] ERROR: Error en GET /api/usuarios:
Error: Unknown column 'created_at' in 'field list'
    at PromisePool.query (D:\Proyectos\RepoGIT\vigoroso-gym-mejorado\backend\node_modules\mysql2\lib\promise\pool.js:36:22)
    at D:\Proyectos\RepoGIT\vigoroso-gym-mejorado\backend\routes\usuarios.js:25:33
    at D:\Proyectos\RepoGIT\vigoroso-gym-mejorado\backend\utils\asyncHandler.js:5:19
    at Layer.handle [as handle_request] (D:\Proyectos\RepoGIT\vigoroso-gym-mejorado\backend\node_modules\express\lib\router\layer.js:95:5)
    at next (D:\Proyectos\RepoGIT\vigoroso-gym-mejorado\backend\node_modules\express\lib\router\route.js:149:13)
    at isAdmin (D:\Proyectos\RepoGIT\vigoroso-gym-mejorado\backend\middleware\auth.js:34:3)
    at Layer.handle [as handle_request] (D:\Proyectos\RepoGIT\vigoroso-gym-mejorado\backend\node_modules\express\lib\router\layer.js:95:5)
    at next (D:\Proyectos\RepoGIT\vigoroso-gym-mejorado\backend\node_modules\express\lib\router\route.js:149:13)
    at authenticateToken (D:\Proyectos\RepoGIT\vigoroso-gym-mejorado\backend\middleware\auth.js:15:5)
    at Layer.handle [as handle_request] (D:\Proyectos\RepoGIT\vigoroso-gym-mejorado\backend\node_modules\express\lib\router\layer.js:95:5)
[2026-02-07 21:38:23] INFO: Login exitoso - Usuario: admin@gmail.com (ID: 1)
[2026-02-07 21:38:23] ERROR: Error en GET /api/usuarios:
Error: Unknown column 'created_at' in 'field list'
    at PromisePool.query (D:\Proyectos\RepoGIT\vigoroso-gym-mejorado\backend\node_modules\mysql2\lib\promise\pool.js:36:22)
    at D:\Proyectos\RepoGIT\vigoroso-gym-mejorado\backend\routes\usuarios.js:25:33
    at D:\Proyectos\RepoGIT\vigoroso-gym-mejorado\backend\utils\asyncHandler.js:5:19
    at Layer.handle [as handle_request] (D:\Proyectos\RepoGIT\vigoroso-gym-mejorado\backend\node_modules\express\lib\router\layer.js:95:5)
    at next (D:\Proyectos\RepoGIT\vigoroso-gym-mejorado\backend\node_modules\express\lib\router\route.js:149:13)
    at isAdmin (D:\Proyectos\RepoGIT\vigoroso-gym-mejorado\backend\middleware\auth.js:34:3)
    at Layer.handle [as handle_request] (D:\Proyectos\RepoGIT\vigoroso-gym-mejorado\backend\node_modules\express\lib\router\layer.js:95:5)
    at next (D:\Proyectos\RepoGIT\vigoroso-gym-mejorado\backend\node_modules\express\lib\router\route.js:149:13)
    at authenticateToken (D:\Proyectos\RepoGIT\vigoroso-gym-mejorado\backend\middleware\auth.js:15:5)
    at Layer.handle [as handle_request] (D:\Proyectos\RepoGIT\vigoroso-gym-mejorado\backend\node_modules\express\lib\router\layer.js:95:5)
[2026-02-07 21:38:23] ERROR: Error en GET /api/usuarios:
Error: Unknown column 'created_at' in 'field list'
    at PromisePool.query (D:\Proyectos\RepoGIT\vigoroso-gym-mejorado\backend\node_modules\mysql2\lib\promise\pool.js:36:22)
    at D:\Proyectos\RepoGIT\vigoroso-gym-mejorado\backend\routes\usuarios.js:25:33
    at D:\Proyectos\RepoGIT\vigoroso-gym-mejorado\backend\utils\asyncHandler.js:5:19
    at Layer.handle [as handle_request] (D:\Proyectos\RepoGIT\vigoroso-gym-mejorado\backend\node_modules\express\lib\router\layer.js:95:5)
    at next (D:\Proyectos\RepoGIT\vigoroso-gym-mejorado\backend\node_modules\express\lib\router\route.js:149:13)
    at isAdmin (D:\Proyectos\RepoGIT\vigoroso-gym-mejorado\backend\middleware\auth.js:34:3)
    at Layer.handle [as handle_request] (D:\Proyectos\RepoGIT\vigoroso-gym-mejorado\backend\node_modules\express\lib\router\layer.js:95:5)
    at next (D:\Proyectos\RepoGIT\vigoroso-gym-mejorado\backend\node_modules\express\lib\router\route.js:149:13)
    at authenticateToken (D:\Proyectos\RepoGIT\vigoroso-gym-mejorado\backend\middleware\auth.js:15:5)
    at Layer.handle [as handle_request] (D:\Proyectos\RepoGIT\vigoroso-gym-mejorado\backend\node_modules\express\lib\router\layer.js:95:5)
[2026-02-07 21:38:39] INFO: Login exitoso - Usuario: entrenador@gmail.com (ID: 3)
[2026-02-07 21:39:03] INFO: Login exitoso - Participante: fabraidee@gmail.com (ID: 2)
[2026-02-07 21:42:44] INFO: Login exitoso - Usuario: admin@gmail.com (ID: 1)
[2026-02-07 21:42:44] ERROR: Error en GET /api/usuarios:
Error: Unknown column 'created_at' in 'field list'
    at PromisePool.query (D:\Proyectos\RepoGIT\vigoroso-gym-mejorado\backend\node_modules\mysql2\lib\promise\pool.js:36:22)
    at D:\Proyectos\RepoGIT\vigoroso-gym-mejorado\backend\routes\usuarios.js:25:33
    at D:\Proyectos\RepoGIT\vigoroso-gym-mejorado\backend\utils\asyncHandler.js:5:19
    at Layer.handle [as handle_request] (D:\Proyectos\RepoGIT\vigoroso-gym-mejorado\backend\node_modules\express\lib\router\layer.js:95:5)
    at next (D:\Proyectos\RepoGIT\vigoroso-gym-mejorado\backend\node_modules\express\lib\router\route.js:149:13)
    at isAdmin (D:\Proyectos\RepoGIT\vigoroso-gym-mejorado\backend\middleware\auth.js:34:3)
    at Layer.handle [as handle_request] (D:\Proyectos\RepoGIT\vigoroso-gym-mejorado\backend\node_modules\express\lib\router\layer.js:95:5)
    at next (D:\Proyectos\RepoGIT\vigoroso-gym-mejorado\backend\node_modules\express\lib\router\route.js:149:13)
    at authenticateToken (D:\Proyectos\RepoGIT\vigoroso-gym-mejorado\backend\middleware\auth.js:15:5)
    at Layer.handle [as handle_request] (D:\Proyectos\RepoGIT\vigoroso-gym-mejorado\backend\node_modules\express\lib\router\layer.js:95:5)
[2026-02-07 21:42:44] ERROR: Error en GET /api/usuarios:
Error: Unknown column 'created_at' in 'field list'
    at PromisePool.query (D:\Proyectos\RepoGIT\vigoroso-gym-mejorado\backend\node_modules\mysql2\lib\promise\pool.js:36:22)
    at D:\Proyectos\RepoGIT\vigoroso-gym-mejorado\backend\routes\usuarios.js:25:33
    at D:\Proyectos\RepoGIT\vigoroso-gym-mejorado\backend\utils\asyncHandler.js:5:19
    at Layer.handle [as handle_request] (D:\Proyectos\RepoGIT\vigoroso-gym-mejorado\backend\node_modules\express\lib\router\layer.js:95:5)
    at next (D:\Proyectos\RepoGIT\vigoroso-gym-mejorado\backend\node_modules\express\lib\router\route.js:149:13)
    at isAdmin (D:\Proyectos\RepoGIT\vigoroso-gym-mejorado\backend\middleware\auth.js:34:3)
    at Layer.handle [as handle_request] (D:\Proyectos\RepoGIT\vigoroso-gym-mejorado\backend\node_modules\express\lib\router\layer.js:95:5)
    at next (D:\Proyectos\RepoGIT\vigoroso-gym-mejorado\backend\node_modules\express\lib\router\route.js:149:13)
    at authenticateToken (D:\Proyectos\RepoGIT\vigoroso-gym-mejorado\backend\middleware\auth.js:15:5)
    at Layer.handle [as handle_request] (D:\Proyectos\RepoGIT\vigoroso-gym-mejorado\backend\node_modules\express\lib\router\layer.js:95:5)
[2026-02-07 21:47:58] INFO: Login exitoso - Usuario: entrenador@gmail.com (ID: 3)
[2026-02-07 21:49:17] INFO: Servidor iniciado en puerto 3001
[2026-02-07 21:49:17] INFO: Entorno: development
[2026-02-10 20:23:54] INFO: Servidor iniciado en puerto 3001
[2026-02-10 20:23:54] INFO: Entorno: development
[2026-02-10 20:26:51] INFO: Login exitoso - Usuario: entrenador@gmail.com (ID: 3)
[2026-02-10 20:29:50] INFO: Login exitoso - Participante: fabraidee@gmail.com (ID: 2)
[2026-02-10 20:30:35] INFO: Login exitoso - Participante: fabraidee@gmail.com (ID: 2)
[2026-02-10 20:36:18] INFO: Login exitoso - Usuario: admin@gmail.com (ID: 1)
[2026-02-10 20:36:19] ERROR: Error en GET /api/usuarios:
Error: Unknown column 'created_at' in 'field list'
    at PromisePool.query (D:\Proyectos\RepoGIT\vigoroso-gym-mejorado\backend\node_modules\mysql2\lib\promise\pool.js:36:22)
    at D:\Proyectos\RepoGIT\vigoroso-gym-mejorado\backend\routes\usuarios.js:25:33
    at D:\Proyectos\RepoGIT\vigoroso-gym-mejorado\backend\utils\asyncHandler.js:5:19
    at Layer.handle [as handle_request] (D:\Proyectos\RepoGIT\vigoroso-gym-mejorado\backend\node_modules\express\lib\router\layer.js:95:5)
    at next (D:\Proyectos\RepoGIT\vigoroso-gym-mejorado\backend\node_modules\express\lib\router\route.js:149:13)
    at isAdmin (D:\Proyectos\RepoGIT\vigoroso-gym-mejorado\backend\middleware\auth.js:34:3)
    at Layer.handle [as handle_request] (D:\Proyectos\RepoGIT\vigoroso-gym-mejorado\backend\node_modules\express\lib\router\layer.js:95:5)
    at next (D:\Proyectos\RepoGIT\vigoroso-gym-mejorado\backend\node_modules\express\lib\router\route.js:149:13)
    at authenticateToken (D:\Proyectos\RepoGIT\vigoroso-gym-mejorado\backend\middleware\auth.js:15:5)
    at Layer.handle [as handle_request] (D:\Proyectos\RepoGIT\vigoroso-gym-mejorado\backend\node_modules\express\lib\router\layer.js:95:5)
[2026-02-10 20:36:19] ERROR: Error en GET /api/usuarios:
Error: Unknown column 'created_at' in 'field list'
    at PromisePool.query (D:\Proyectos\RepoGIT\vigoroso-gym-mejorado\backend\node_modules\mysql2\lib\promise\pool.js:36:22)
    at D:\Proyectos\RepoGIT\vigoroso-gym-mejorado\backend\routes\usuarios.js:25:33
    at D:\Proyectos\RepoGIT\vigoroso-gym-mejorado\backend\utils\asyncHandler.js:5:19
    at Layer.handle [as handle_request] (D:\Proyectos\RepoGIT\vigoroso-gym-mejorado\backend\node_modules\express\lib\router\layer.js:95:5)
    at next (D:\Proyectos\RepoGIT\vigoroso-gym-mejorado\backend\node_modules\express\lib\router\route.js:149:13)
    at isAdmin (D:\Proyectos\RepoGIT\vigoroso-gym-mejorado\backend\middleware\auth.js:34:3)
    at Layer.handle [as handle_request] (D:\Proyectos\RepoGIT\vigoroso-gym-mejorado\backend\node_modules\express\lib\router\layer.js:95:5)
    at next (D:\Proyectos\RepoGIT\vigoroso-gym-mejorado\backend\node_modules\express\lib\router\route.js:149:13)
    at authenticateToken (D:\Proyectos\RepoGIT\vigoroso-gym-mejorado\backend\middleware\auth.js:15:5)
    at Layer.handle [as handle_request] (D:\Proyectos\RepoGIT\vigoroso-gym-mejorado\backend\node_modules\express\lib\router\layer.js:95:5)
[2026-02-10 20:37:35] ERROR: Error en GET /api/usuarios:
Error: Unknown column 'created_at' in 'field list'
    at PromisePool.query (D:\Proyectos\RepoGIT\vigoroso-gym-mejorado\backend\node_modules\mysql2\lib\promise\pool.js:36:22)
    at D:\Proyectos\RepoGIT\vigoroso-gym-mejorado\backend\routes\usuarios.js:25:33
    at D:\Proyectos\RepoGIT\vigoroso-gym-mejorado\backend\utils\asyncHandler.js:5:19
    at Layer.handle [as handle_request] (D:\Proyectos\RepoGIT\vigoroso-gym-mejorado\backend\node_modules\express\lib\router\layer.js:95:5)
    at next (D:\Proyectos\RepoGIT\vigoroso-gym-mejorado\backend\node_modules\express\lib\router\route.js:149:13)
    at isAdmin (D:\Proyectos\RepoGIT\vigoroso-gym-mejorado\backend\middleware\auth.js:34:3)
    at Layer.handle [as handle_request] (D:\Proyectos\RepoGIT\vigoroso-gym-mejorado\backend\node_modules\express\lib\router\layer.js:95:5)
    at next (D:\Proyectos\RepoGIT\vigoroso-gym-mejorado\backend\node_modules\express\lib\router\route.js:149:13)
    at authenticateToken (D:\Proyectos\RepoGIT\vigoroso-gym-mejorado\backend\middleware\auth.js:15:5)
    at Layer.handle [as handle_request] (D:\Proyectos\RepoGIT\vigoroso-gym-mejorado\backend\node_modules\express\lib\router\layer.js:95:5)
[2026-02-10 20:37:35] ERROR: Error en GET /api/usuarios:
Error: Unknown column 'created_at' in 'field list'
    at PromisePool.query (D:\Proyectos\RepoGIT\vigoroso-gym-mejorado\backend\node_modules\mysql2\lib\promise\pool.js:36:22)
    at D:\Proyectos\RepoGIT\vigoroso-gym-mejorado\backend\routes\usuarios.js:25:33
    at D:\Proyectos\RepoGIT\vigoroso-gym-mejorado\backend\utils\asyncHandler.js:5:19
    at Layer.handle [as handle_request] (D:\Proyectos\RepoGIT\vigoroso-gym-mejorado\backend\node_modules\express\lib\router\layer.js:95:5)
    at next (D:\Proyectos\RepoGIT\vigoroso-gym-mejorado\backend\node_modules\express\lib\router\route.js:149:13)
    at isAdmin (D:\Proyectos\RepoGIT\vigoroso-gym-mejorado\backend\middleware\auth.js:34:3)
    at Layer.handle [as handle_request] (D:\Proyectos\RepoGIT\vigoroso-gym-mejorado\backend\node_modules\express\lib\router\layer.js:95:5)
    at next (D:\Proyectos\RepoGIT\vigoroso-gym-mejorado\backend\node_modules\express\lib\router\route.js:149:13)
    at authenticateToken (D:\Proyectos\RepoGIT\vigoroso-gym-mejorado\backend\middleware\auth.js:15:5)
    at Layer.handle [as handle_request] (D:\Proyectos\RepoGIT\vigoroso-gym-mejorado\backend\node_modules\express\lib\router\layer.js:95:5)
[2026-02-10 20:52:02] ERROR: Error en GET /api/usuarios:
Error: Unknown column 'created_at' in 'field list'
    at PromisePool.query (D:\Proyectos\RepoGIT\vigoroso-gym-mejorado\backend\node_modules\mysql2\lib\promise\pool.js:36:22)
    at D:\Proyectos\RepoGIT\vigoroso-gym-mejorado\backend\routes\usuarios.js:25:33
    at D:\Proyectos\RepoGIT\vigoroso-gym-mejorado\backend\utils\asyncHandler.js:5:19
    at Layer.handle [as handle_request] (D:\Proyectos\RepoGIT\vigoroso-gym-mejorado\backend\node_modules\express\lib\router\layer.js:95:5)
    at next (D:\Proyectos\RepoGIT\vigoroso-gym-mejorado\backend\node_modules\express\lib\router\route.js:149:13)
    at isAdmin (D:\Proyectos\RepoGIT\vigoroso-gym-mejorado\backend\middleware\auth.js:34:3)
    at Layer.handle [as handle_request] (D:\Proyectos\RepoGIT\vigoroso-gym-mejorado\backend\node_modules\express\lib\router\layer.js:95:5)
    at next (D:\Proyectos\RepoGIT\vigoroso-gym-mejorado\backend\node_modules\express\lib\router\route.js:149:13)
    at authenticateToken (D:\Proyectos\RepoGIT\vigoroso-gym-mejorado\backend\middleware\auth.js:15:5)
    at Layer.handle [as handle_request] (D:\Proyectos\RepoGIT\vigoroso-gym-mejorado\backend\node_modules\express\lib\router\layer.js:95:5)
[2026-02-10 20:52:30] ERROR: Error en GET /api/usuarios:
Error: Unknown column 'created_at' in 'field list'
    at PromisePool.query (D:\Proyectos\RepoGIT\vigoroso-gym-mejorado\backend\node_modules\mysql2\lib\promise\pool.js:36:22)
    at D:\Proyectos\RepoGIT\vigoroso-gym-mejorado\backend\routes\usuarios.js:25:33
    at D:\Proyectos\RepoGIT\vigoroso-gym-mejorado\backend\utils\asyncHandler.js:5:19
    at Layer.handle [as handle_request] (D:\Proyectos\RepoGIT\vigoroso-gym-mejorado\backend\node_modules\express\lib\router\layer.js:95:5)
    at next (D:\Proyectos\RepoGIT\vigoroso-gym-mejorado\backend\node_modules\express\lib\router\route.js:149:13)
    at isAdmin (D:\Proyectos\RepoGIT\vigoroso-gym-mejorado\backend\middleware\auth.js:34:3)
    at Layer.handle [as handle_request] (D:\Proyectos\RepoGIT\vigoroso-gym-mejorado\backend\node_modules\express\lib\router\layer.js:95:5)
    at next (D:\Proyectos\RepoGIT\vigoroso-gym-mejorado\backend\node_modules\express\lib\router\route.js:149:13)
    at authenticateToken (D:\Proyectos\RepoGIT\vigoroso-gym-mejorado\backend\middleware\auth.js:15:5)
    at Layer.handle [as handle_request] (D:\Proyectos\RepoGIT\vigoroso-gym-mejorado\backend\node_modules\express\lib\router\layer.js:95:5)
[2026-02-10 20:52:30] ERROR: Error en GET /api/usuarios:
Error: Unknown column 'created_at' in 'field list'
    at PromisePool.query (D:\Proyectos\RepoGIT\vigoroso-gym-mejorado\backend\node_modules\mysql2\lib\promise\pool.js:36:22)
    at D:\Proyectos\RepoGIT\vigoroso-gym-mejorado\backend\routes\usuarios.js:25:33
    at D:\Proyectos\RepoGIT\vigoroso-gym-mejorado\backend\utils\asyncHandler.js:5:19
    at Layer.handle [as handle_request] (D:\Proyectos\RepoGIT\vigoroso-gym-mejorado\backend\node_modules\express\lib\router\layer.js:95:5)
    at next (D:\Proyectos\RepoGIT\vigoroso-gym-mejorado\backend\node_modules\express\lib\router\route.js:149:13)
    at isAdmin (D:\Proyectos\RepoGIT\vigoroso-gym-mejorado\backend\middleware\auth.js:34:3)
    at Layer.handle [as handle_request] (D:\Proyectos\RepoGIT\vigoroso-gym-mejorado\backend\node_modules\express\lib\router\layer.js:95:5)
    at next (D:\Proyectos\RepoGIT\vigoroso-gym-mejorado\backend\node_modules\express\lib\router\route.js:149:13)
    at authenticateToken (D:\Proyectos\RepoGIT\vigoroso-gym-mejorado\backend\middleware\auth.js:15:5)
    at Layer.handle [as handle_request] (D:\Proyectos\RepoGIT\vigoroso-gym-mejorado\backend\node_modules\express\lib\router\layer.js:95:5)
[2026-02-10 20:52:42] ERROR: Error en GET /api/usuarios:
Error: Unknown column 'created_at' in 'field list'
    at PromisePool.query (D:\Proyectos\RepoGIT\vigoroso-gym-mejorado\backend\node_modules\mysql2\lib\promise\pool.js:36:22)
    at D:\Proyectos\RepoGIT\vigoroso-gym-mejorado\backend\routes\usuarios.js:25:33
    at D:\Proyectos\RepoGIT\vigoroso-gym-mejorado\backend\utils\asyncHandler.js:5:19
    at Layer.handle [as handle_request] (D:\Proyectos\RepoGIT\vigoroso-gym-mejorado\backend\node_modules\express\lib\router\layer.js:95:5)
    at next (D:\Proyectos\RepoGIT\vigoroso-gym-mejorado\backend\node_modules\express\lib\router\route.js:149:13)
    at isAdmin (D:\Proyectos\RepoGIT\vigoroso-gym-mejorado\backend\middleware\auth.js:34:3)
    at Layer.handle [as handle_request] (D:\Proyectos\RepoGIT\vigoroso-gym-mejorado\backend\node_modules\express\lib\router\layer.js:95:5)
    at next (D:\Proyectos\RepoGIT\vigoroso-gym-mejorado\backend\node_modules\express\lib\router\route.js:149:13)
    at authenticateToken (D:\Proyectos\RepoGIT\vigoroso-gym-mejorado\backend\middleware\auth.js:15:5)
    at Layer.handle [as handle_request] (D:\Proyectos\RepoGIT\vigoroso-gym-mejorado\backend\node_modules\express\lib\router\layer.js:95:5)
[2026-02-10 20:54:16] INFO: Servidor iniciado en puerto 3001
[2026-02-10 20:54:16] INFO: Entorno: development
[2026-02-10 20:57:04] INFO: Login exitoso - Participante: fabraidee@gmail.com (ID: 2)
[2026-02-10 20:57:29] INFO: Login exitoso - Usuario: admin@gmail.com (ID: 1)
[2026-02-10 20:57:41] INFO: Login exitoso - Usuario: entrenador@gmail.com (ID: 3)
[2026-02-10 20:59:53] INFO: Login exitoso - Usuario: admin@gmail.com (ID: 1)
[2026-02-10 21:03:29] INFO: Servidor iniciado en puerto 3001
[2026-02-10 21:03:29] INFO: Entorno: development
[2026-02-10 21:21:09] INFO: Servidor iniciado en puerto 3001
[2026-02-10 21:21:09] INFO: Entorno: development
[2026-02-10 21:31:20] INFO: Servidor iniciado en puerto 3001
[2026-02-10 21:31:20] INFO: Entorno: development
[2026-02-10 21:37:40] INFO: Login exitoso - Usuario: admin@gmail.com (ID: 1)
[2026-02-10 21:49:35] INFO: Servidor iniciado en puerto 3001
[2026-02-10 21:49:35] INFO: Entorno: development
[2026-02-10 22:04:13] INFO: Servidor iniciado en puerto 3001
[2026-02-10 22:04:13] INFO: Entorno: development
[2026-02-10 22:05:12] INFO: Login exitoso - Usuario: admin@gmail.com (ID: 1)
[2026-02-10 22:08:03] INFO: Login exitoso - Usuario: admin@gmail.com (ID: 1)
[2026-02-10 22:08:48] WARN: Contraseña incorrecta para usuario: entrenador@gmail.com
[2026-02-10 22:09:17] INFO: Login exitoso - Usuario: entrenador@gmail.com (ID: 3)
[2026-02-10 22:10:27] WARN: Intento de login fallido para usuario: fabraidee@gmail.com
[2026-02-10 22:10:54] INFO: Login exitoso - Participante: fabraidee@gmail.com (ID: 2)
[2026-02-10 22:15:41] INFO: Login exitoso - Usuario: entrenador@gmail.com (ID: 3)
[2026-02-10 22:16:37] INFO: Login exitoso - Participante: fabraidee@gmail.com (ID: 2)
[2026-02-11 08:58:39] INFO: Login exitoso - Usuario: entrenador@gmail.com (ID: 3)
[2026-02-11 08:58:53] INFO: Login exitoso - Participante: fabraidee@gmail.com (ID: 2)
[2026-02-11 08:59:47] INFO: Login exitoso - Usuario: admin@gmail.com (ID: 1)
[2026-02-11 09:00:03] INFO: Login exitoso - Usuario: entrenador@gmail.com (ID: 3)
[2026-02-11 09:14:14] WARN: Intento de login fallido para participante: admin@gmail.com
[2026-02-11 09:14:31] INFO: Login exitoso - Usuario: admin@gmail.com (ID: 1)
[2026-02-11 09:16:01] INFO: Login exitoso - Usuario: entrenador@gmail.com (ID: 3)
[2026-02-11 10:43:18] INFO: Login exitoso - Participante: anny21@gmail.com (ID: 4)
[2026-02-11 10:43:36] INFO: Login exitoso - Participante: fabraidee@gmail.com (ID: 2)
[2026-02-11 11:17:36] WARN: Contraseña incorrecta para participante: fabraidee@gmail.com
[2026-02-11 11:18:19] WARN: Intento de login fallido para usuario: fabraidee@gmail.com
[2026-02-11 11:18:42] INFO: Login exitoso - Participante: fabraidee@gmail.com (ID: 2)
[2026-02-11 11:23:35] INFO: Login exitoso - Participante: fabraidee@gmail.com (ID: 2)
[2026-02-11 16:05:17] INFO: Servidor iniciado en puerto 3001
[2026-02-11 16:05:17] INFO: Entorno: development
