[2026-02-04 18:12:29] ERROR: Error en POST /api/participantes:
Error: PROCEDURE vigoroso_gym.sp_reactivar_participante does not exist
    at PromisePool.query (C:\Users\baide\Desktop\gitRepo\vigoroso-gym-mejorado\backend\node_modules\mysql2\lib\promise\pool.js:36:22)
    at C:\Users\baide\Desktop\gitRepo\vigoroso-gym-mejorado\backend\controllers\participantesController.js:67:35
[2026-02-04 18:18:04] ERROR: Error en POST /api/participantes:
Error: Unknown column 'usuario_modificador_id' in 'field list'
    at PromisePool.query (C:\Users\baide\Desktop\gitRepo\vigoroso-gym-mejorado\backend\node_modules\mysql2\lib\promise\pool.js:36:22)
    at C:\Users\baide\Desktop\gitRepo\vigoroso-gym-mejorado\backend\controllers\participantesController.js:67:35
[2026-02-04 18:19:11] ERROR: Error en POST /api/participantes:
Error: Unknown column 'usuario_modificador_id' in 'field list'
    at PromisePool.query (C:\Users\baide\Desktop\gitRepo\vigoroso-gym-mejorado\backend\node_modules\mysql2\lib\promise\pool.js:36:22)
    at C:\Users\baide\Desktop\gitRepo\vigoroso-gym-mejorado\backend\controllers\participantesController.js:67:35
[2026-02-04 18:22:35] ERROR: Error en POST /api/participantes:
Error: Unknown column 'fecha_actualizacion' in 'field list'
    at PromisePool.query (C:\Users\baide\Desktop\gitRepo\vigoroso-gym-mejorado\backend\node_modules\mysql2\lib\promise\pool.js:36:22)
    at C:\Users\baide\Desktop\gitRepo\vigoroso-gym-mejorado\backend\controllers\participantesController.js:67:35
[2026-02-04 18:23:31] ERROR: Error en POST /api/participantes:
Error: Unknown column 'fecha_actualizacion' in 'field list'
    at PromisePool.query (C:\Users\baide\Desktop\gitRepo\vigoroso-gym-mejorado\backend\node_modules\mysql2\lib\promise\pool.js:36:22)
    at C:\Users\baide\Desktop\gitRepo\vigoroso-gym-mejorado\backend\controllers\participantesController.js:67:35
[2026-02-04 18:24:16] ERROR: Error en POST /api/participantes:
Error: Unknown column 'fecha_actualizacion' in 'field list'
    at PromisePool.query (C:\Users\baide\Desktop\gitRepo\vigoroso-gym-mejorado\backend\node_modules\mysql2\lib\promise\pool.js:36:22)
    at C:\Users\baide\Desktop\gitRepo\vigoroso-gym-mejorado\backend\controllers\participantesController.js:67:35
[2026-02-07 21:07:41] ERROR: Error en GET /api/usuarios:
Error: Unknown column 'created_at' in 'field list'
    at PromisePool.query (D:\Proyectos\RepoGIT\vigoroso-gym-mejorado\backend\node_modules\mysql2\lib\promise\pool.js:36:22)
    at D:\Proyectos\RepoGIT\vigoroso-gym-mejorado\backend\routes\usuarios.js:9:33
    at D:\Proyectos\RepoGIT\vigoroso-gym-mejorado\backend\utils\asyncHandler.js:5:19
    at Layer.handle [as handle_request] (D:\Proyectos\RepoGIT\vigoroso-gym-mejorado\backend\node_modules\express\lib\router\layer.js:95:5)
    at next (D:\Proyectos\RepoGIT\vigoroso-gym-mejorado\backend\node_modules\express\lib\router\route.js:149:13)
    at isAdmin (D:\Proyectos\RepoGIT\vigoroso-gym-mejorado\backend\middleware\auth.js:34:3)
    at Layer.handle [as handle_request] (D:\Proyectos\RepoGIT\vigoroso-gym-mejorado\backend\node_modules\express\lib\router\layer.js:95:5)
    at next (D:\Proyectos\RepoGIT\vigoroso-gym-mejorado\backend\node_modules\express\lib\router\route.js:149:13)
    at authenticateToken (D:\Proyectos\RepoGIT\vigoroso-gym-mejorado\backend\middleware\auth.js:15:5)
    at Layer.handle [as handle_request] (D:\Proyectos\RepoGIT\vigoroso-gym-mejorado\backend\node_modules\express\lib\router\layer.js:95:5)
[2026-02-07 21:07:41] ERROR: Error en GET /api/usuarios:
Error: Unknown column 'created_at' in 'field list'
    at PromisePool.query (D:\Proyectos\RepoGIT\vigoroso-gym-mejorado\backend\node_modules\mysql2\lib\promise\pool.js:36:22)
    at D:\Proyectos\RepoGIT\vigoroso-gym-mejorado\backend\routes\usuarios.js:9:33
    at D:\Proyectos\RepoGIT\vigoroso-gym-mejorado\backend\utils\asyncHandler.js:5:19
    at Layer.handle [as handle_request] (D:\Proyectos\RepoGIT\vigoroso-gym-mejorado\backend\node_modules\express\lib\router\layer.js:95:5)
    at next (D:\Proyectos\RepoGIT\vigoroso-gym-mejorado\backend\node_modules\express\lib\router\route.js:149:13)
    at isAdmin (D:\Proyectos\RepoGIT\vigoroso-gym-mejorado\backend\middleware\auth.js:34:3)
    at Layer.handle [as handle_request] (D:\Proyectos\RepoGIT\vigoroso-gym-mejorado\backend\node_modules\express\lib\router\layer.js:95:5)
    at next (D:\Proyectos\RepoGIT\vigoroso-gym-mejorado\backend\node_modules\express\lib\router\route.js:149:13)
    at authenticateToken (D:\Proyectos\RepoGIT\vigoroso-gym-mejorado\backend\middleware\auth.js:15:5)
    at Layer.handle [as handle_request] (D:\Proyectos\RepoGIT\vigoroso-gym-mejorado\backend\node_modules\express\lib\router\layer.js:95:5)
[2026-02-07 21:14:05] ERROR: Error en GET /api/usuarios:
Error: Unknown column 'created_at' in 'field list'
    at PromisePool.query (D:\Proyectos\RepoGIT\vigoroso-gym-mejorado\backend\node_modules\mysql2\lib\promise\pool.js:36:22)
    at D:\Proyectos\RepoGIT\vigoroso-gym-mejorado\backend\routes\usuarios.js:9:33
    at D:\Proyectos\RepoGIT\vigoroso-gym-mejorado\backend\utils\asyncHandler.js:5:19
    at Layer.handle [as handle_request] (D:\Proyectos\RepoGIT\vigoroso-gym-mejorado\backend\node_modules\express\lib\router\layer.js:95:5)
    at next (D:\Proyectos\RepoGIT\vigoroso-gym-mejorado\backend\node_modules\express\lib\router\route.js:149:13)
    at isAdmin (D:\Proyectos\RepoGIT\vigoroso-gym-mejorado\backend\middleware\auth.js:34:3)
    at Layer.handle [as handle_request] (D:\Proyectos\RepoGIT\vigoroso-gym-mejorado\backend\node_modules\express\lib\router\layer.js:95:5)
    at next (D:\Proyectos\RepoGIT\vigoroso-gym-mejorado\backend\node_modules\express\lib\router\route.js:149:13)
    at authenticateToken (D:\Proyectos\RepoGIT\vigoroso-gym-mejorado\backend\middleware\auth.js:15:5)
    at Layer.handle [as handle_request] (D:\Proyectos\RepoGIT\vigoroso-gym-mejorado\backend\node_modules\express\lib\router\layer.js:95:5)
[2026-02-07 21:14:05] ERROR: Error en GET /api/usuarios:
Error: Unknown column 'created_at' in 'field list'
    at PromisePool.query (D:\Proyectos\RepoGIT\vigoroso-gym-mejorado\backend\node_modules\mysql2\lib\promise\pool.js:36:22)
    at D:\Proyectos\RepoGIT\vigoroso-gym-mejorado\backend\routes\usuarios.js:9:33
    at D:\Proyectos\RepoGIT\vigoroso-gym-mejorado\backend\utils\asyncHandler.js:5:19
    at Layer.handle [as handle_request] (D:\Proyectos\RepoGIT\vigoroso-gym-mejorado\backend\node_modules\express\lib\router\layer.js:95:5)
    at next (D:\Proyectos\RepoGIT\vigoroso-gym-mejorado\backend\node_modules\express\lib\router\route.js:149:13)
    at isAdmin (D:\Proyectos\RepoGIT\vigoroso-gym-mejorado\backend\middleware\auth.js:34:3)
    at Layer.handle [as handle_request] (D:\Proyectos\RepoGIT\vigoroso-gym-mejorado\backend\node_modules\express\lib\router\layer.js:95:5)
    at next (D:\Proyectos\RepoGIT\vigoroso-gym-mejorado\backend\node_modules\express\lib\router\route.js:149:13)
    at authenticateToken (D:\Proyectos\RepoGIT\vigoroso-gym-mejorado\backend\middleware\auth.js:15:5)
    at Layer.handle [as handle_request] (D:\Proyectos\RepoGIT\vigoroso-gym-mejorado\backend\node_modules\express\lib\router\layer.js:95:5)
[2026-02-07 21:37:32] ERROR: Error en GET /api/usuarios:
Error: Unknown column 'created_at' in 'field list'
    at PromisePool.query (D:\Proyectos\RepoGIT\vigoroso-gym-mejorado\backend\node_modules\mysql2\lib\promise\pool.js:36:22)
    at D:\Proyectos\RepoGIT\vigoroso-gym-mejorado\backend\routes\usuarios.js:25:33
    at D:\Proyectos\RepoGIT\vigoroso-gym-mejorado\backend\utils\asyncHandler.js:5:19
    at Layer.handle [as handle_request] (D:\Proyectos\RepoGIT\vigoroso-gym-mejorado\backend\node_modules\express\lib\router\layer.js:95:5)
    at next (D:\Proyectos\RepoGIT\vigoroso-gym-mejorado\backend\node_modules\express\lib\router\route.js:149:13)
    at isAdmin (D:\Proyectos\RepoGIT\vigoroso-gym-mejorado\backend\middleware\auth.js:34:3)
    at Layer.handle [as handle_request] (D:\Proyectos\RepoGIT\vigoroso-gym-mejorado\backend\node_modules\express\lib\router\layer.js:95:5)
    at next (D:\Proyectos\RepoGIT\vigoroso-gym-mejorado\backend\node_modules\express\lib\router\route.js:149:13)
    at authenticateToken (D:\Proyectos\RepoGIT\vigoroso-gym-mejorado\backend\middleware\auth.js:15:5)
    at Layer.handle [as handle_request] (D:\Proyectos\RepoGIT\vigoroso-gym-mejorado\backend\node_modules\express\lib\router\layer.js:95:5)
[2026-02-07 21:37:32] ERROR: Error en GET /api/usuarios:
Error: Unknown column 'created_at' in 'field list'
    at PromisePool.query (D:\Proyectos\RepoGIT\vigoroso-gym-mejorado\backend\node_modules\mysql2\lib\promise\pool.js:36:22)
    at D:\Proyectos\RepoGIT\vigoroso-gym-mejorado\backend\routes\usuarios.js:25:33
    at D:\Proyectos\RepoGIT\vigoroso-gym-mejorado\backend\utils\asyncHandler.js:5:19
    at Layer.handle [as handle_request] (D:\Proyectos\RepoGIT\vigoroso-gym-mejorado\backend\node_modules\express\lib\router\layer.js:95:5)
    at next (D:\Proyectos\RepoGIT\vigoroso-gym-mejorado\backend\node_modules\express\lib\router\route.js:149:13)
    at isAdmin (D:\Proyectos\RepoGIT\vigoroso-gym-mejorado\backend\middleware\auth.js:34:3)
    at Layer.handle [as handle_request] (D:\Proyectos\RepoGIT\vigoroso-gym-mejorado\backend\node_modules\express\lib\router\layer.js:95:5)
    at next (D:\Proyectos\RepoGIT\vigoroso-gym-mejorado\backend\node_modules\express\lib\router\route.js:149:13)
    at authenticateToken (D:\Proyectos\RepoGIT\vigoroso-gym-mejorado\backend\middleware\auth.js:15:5)
    at Layer.handle [as handle_request] (D:\Proyectos\RepoGIT\vigoroso-gym-mejorado\backend\node_modules\express\lib\router\layer.js:95:5)
[2026-02-07 21:38:00] ERROR: Error en GET /api/usuarios:
Error: Unknown column 'created_at' in 'field list'
    at PromisePool.query (D:\Proyectos\RepoGIT\vigoroso-gym-mejorado\backend\node_modules\mysql2\lib\promise\pool.js:36:22)
    at D:\Proyectos\RepoGIT\vigoroso-gym-mejorado\backend\routes\usuarios.js:25:33
    at D:\Proyectos\RepoGIT\vigoroso-gym-mejorado\backend\utils\asyncHandler.js:5:19
    at Layer.handle [as handle_request] (D:\Proyectos\RepoGIT\vigoroso-gym-mejorado\backend\node_modules\express\lib\router\layer.js:95:5)
    at next (D:\Proyectos\RepoGIT\vigoroso-gym-mejorado\backend\node_modules\express\lib\router\route.js:149:13)
    at isAdmin (D:\Proyectos\RepoGIT\vigoroso-gym-mejorado\backend\middleware\auth.js:34:3)
    at Layer.handle [as handle_request] (D:\Proyectos\RepoGIT\vigoroso-gym-mejorado\backend\node_modules\express\lib\router\layer.js:95:5)
    at next (D:\Proyectos\RepoGIT\vigoroso-gym-mejorado\backend\node_modules\express\lib\router\route.js:149:13)
    at authenticateToken (D:\Proyectos\RepoGIT\vigoroso-gym-mejorado\backend\middleware\auth.js:15:5)
    at Layer.handle [as handle_request] (D:\Proyectos\RepoGIT\vigoroso-gym-mejorado\backend\node_modules\express\lib\router\layer.js:95:5)
[2026-02-07 21:38:00] ERROR: Error en GET /api/usuarios:
Error: Unknown column 'created_at' in 'field list'
    at PromisePool.query (D:\Proyectos\RepoGIT\vigoroso-gym-mejorado\backend\node_modules\mysql2\lib\promise\pool.js:36:22)
    at D:\Proyectos\RepoGIT\vigoroso-gym-mejorado\backend\routes\usuarios.js:25:33
    at D:\Proyectos\RepoGIT\vigoroso-gym-mejorado\backend\utils\asyncHandler.js:5:19
    at Layer.handle [as handle_request] (D:\Proyectos\RepoGIT\vigoroso-gym-mejorado\backend\node_modules\express\lib\router\layer.js:95:5)
    at next (D:\Proyectos\RepoGIT\vigoroso-gym-mejorado\backend\node_modules\express\lib\router\route.js:149:13)
    at isAdmin (D:\Proyectos\RepoGIT\vigoroso-gym-mejorado\backend\middleware\auth.js:34:3)
    at Layer.handle [as handle_request] (D:\Proyectos\RepoGIT\vigoroso-gym-mejorado\backend\node_modules\express\lib\router\layer.js:95:5)
    at next (D:\Proyectos\RepoGIT\vigoroso-gym-mejorado\backend\node_modules\express\lib\router\route.js:149:13)
    at authenticateToken (D:\Proyectos\RepoGIT\vigoroso-gym-mejorado\backend\middleware\auth.js:15:5)
    at Layer.handle [as handle_request] (D:\Proyectos\RepoGIT\vigoroso-gym-mejorado\backend\node_modules\express\lib\router\layer.js:95:5)
[2026-02-07 21:38:23] ERROR: Error en GET /api/usuarios:
Error: Unknown column 'created_at' in 'field list'
    at PromisePool.query (D:\Proyectos\RepoGIT\vigoroso-gym-mejorado\backend\node_modules\mysql2\lib\promise\pool.js:36:22)
    at D:\Proyectos\RepoGIT\vigoroso-gym-mejorado\backend\routes\usuarios.js:25:33
    at D:\Proyectos\RepoGIT\vigoroso-gym-mejorado\backend\utils\asyncHandler.js:5:19
    at Layer.handle [as handle_request] (D:\Proyectos\RepoGIT\vigoroso-gym-mejorado\backend\node_modules\express\lib\router\layer.js:95:5)
    at next (D:\Proyectos\RepoGIT\vigoroso-gym-mejorado\backend\node_modules\express\lib\router\route.js:149:13)
    at isAdmin (D:\Proyectos\RepoGIT\vigoroso-gym-mejorado\backend\middleware\auth.js:34:3)
    at Layer.handle [as handle_request] (D:\Proyectos\RepoGIT\vigoroso-gym-mejorado\backend\node_modules\express\lib\router\layer.js:95:5)
    at next (D:\Proyectos\RepoGIT\vigoroso-gym-mejorado\backend\node_modules\express\lib\router\route.js:149:13)
    at authenticateToken (D:\Proyectos\RepoGIT\vigoroso-gym-mejorado\backend\middleware\auth.js:15:5)
    at Layer.handle [as handle_request] (D:\Proyectos\RepoGIT\vigoroso-gym-mejorado\backend\node_modules\express\lib\router\layer.js:95:5)
[2026-02-07 21:38:23] ERROR: Error en GET /api/usuarios:
Error: Unknown column 'created_at' in 'field list'
    at PromisePool.query (D:\Proyectos\RepoGIT\vigoroso-gym-mejorado\backend\node_modules\mysql2\lib\promise\pool.js:36:22)
    at D:\Proyectos\RepoGIT\vigoroso-gym-mejorado\backend\routes\usuarios.js:25:33
    at D:\Proyectos\RepoGIT\vigoroso-gym-mejorado\backend\utils\asyncHandler.js:5:19
    at Layer.handle [as handle_request] (D:\Proyectos\RepoGIT\vigoroso-gym-mejorado\backend\node_modules\express\lib\router\layer.js:95:5)
    at next (D:\Proyectos\RepoGIT\vigoroso-gym-mejorado\backend\node_modules\express\lib\router\route.js:149:13)
    at isAdmin (D:\Proyectos\RepoGIT\vigoroso-gym-mejorado\backend\middleware\auth.js:34:3)
    at Layer.handle [as handle_request] (D:\Proyectos\RepoGIT\vigoroso-gym-mejorado\backend\node_modules\express\lib\router\layer.js:95:5)
    at next (D:\Proyectos\RepoGIT\vigoroso-gym-mejorado\backend\node_modules\express\lib\router\route.js:149:13)
    at authenticateToken (D:\Proyectos\RepoGIT\vigoroso-gym-mejorado\backend\middleware\auth.js:15:5)
    at Layer.handle [as handle_request] (D:\Proyectos\RepoGIT\vigoroso-gym-mejorado\backend\node_modules\express\lib\router\layer.js:95:5)
[2026-02-07 21:42:44] ERROR: Error en GET /api/usuarios:
Error: Unknown column 'created_at' in 'field list'
    at PromisePool.query (D:\Proyectos\RepoGIT\vigoroso-gym-mejorado\backend\node_modules\mysql2\lib\promise\pool.js:36:22)
    at D:\Proyectos\RepoGIT\vigoroso-gym-mejorado\backend\routes\usuarios.js:25:33
    at D:\Proyectos\RepoGIT\vigoroso-gym-mejorado\backend\utils\asyncHandler.js:5:19
    at Layer.handle [as handle_request] (D:\Proyectos\RepoGIT\vigoroso-gym-mejorado\backend\node_modules\express\lib\router\layer.js:95:5)
    at next (D:\Proyectos\RepoGIT\vigoroso-gym-mejorado\backend\node_modules\express\lib\router\route.js:149:13)
    at isAdmin (D:\Proyectos\RepoGIT\vigoroso-gym-mejorado\backend\middleware\auth.js:34:3)
    at Layer.handle [as handle_request] (D:\Proyectos\RepoGIT\vigoroso-gym-mejorado\backend\node_modules\express\lib\router\layer.js:95:5)
    at next (D:\Proyectos\RepoGIT\vigoroso-gym-mejorado\backend\node_modules\express\lib\router\route.js:149:13)
    at authenticateToken (D:\Proyectos\RepoGIT\vigoroso-gym-mejorado\backend\middleware\auth.js:15:5)
    at Layer.handle [as handle_request] (D:\Proyectos\RepoGIT\vigoroso-gym-mejorado\backend\node_modules\express\lib\router\layer.js:95:5)
[2026-02-07 21:42:44] ERROR: Error en GET /api/usuarios:
Error: Unknown column 'created_at' in 'field list'
    at PromisePool.query (D:\Proyectos\RepoGIT\vigoroso-gym-mejorado\backend\node_modules\mysql2\lib\promise\pool.js:36:22)
    at D:\Proyectos\RepoGIT\vigoroso-gym-mejorado\backend\routes\usuarios.js:25:33
    at D:\Proyectos\RepoGIT\vigoroso-gym-mejorado\backend\utils\asyncHandler.js:5:19
    at Layer.handle [as handle_request] (D:\Proyectos\RepoGIT\vigoroso-gym-mejorado\backend\node_modules\express\lib\router\layer.js:95:5)
    at next (D:\Proyectos\RepoGIT\vigoroso-gym-mejorado\backend\node_modules\express\lib\router\route.js:149:13)
    at isAdmin (D:\Proyectos\RepoGIT\vigoroso-gym-mejorado\backend\middleware\auth.js:34:3)
    at Layer.handle [as handle_request] (D:\Proyectos\RepoGIT\vigoroso-gym-mejorado\backend\node_modules\express\lib\router\layer.js:95:5)
    at next (D:\Proyectos\RepoGIT\vigoroso-gym-mejorado\backend\node_modules\express\lib\router\route.js:149:13)
    at authenticateToken (D:\Proyectos\RepoGIT\vigoroso-gym-mejorado\backend\middleware\auth.js:15:5)
    at Layer.handle [as handle_request] (D:\Proyectos\RepoGIT\vigoroso-gym-mejorado\backend\node_modules\express\lib\router\layer.js:95:5)
[2026-02-10 20:36:19] ERROR: Error en GET /api/usuarios:
Error: Unknown column 'created_at' in 'field list'
    at PromisePool.query (D:\Proyectos\RepoGIT\vigoroso-gym-mejorado\backend\node_modules\mysql2\lib\promise\pool.js:36:22)
    at D:\Proyectos\RepoGIT\vigoroso-gym-mejorado\backend\routes\usuarios.js:25:33
    at D:\Proyectos\RepoGIT\vigoroso-gym-mejorado\backend\utils\asyncHandler.js:5:19
    at Layer.handle [as handle_request] (D:\Proyectos\RepoGIT\vigoroso-gym-mejorado\backend\node_modules\express\lib\router\layer.js:95:5)
    at next (D:\Proyectos\RepoGIT\vigoroso-gym-mejorado\backend\node_modules\express\lib\router\route.js:149:13)
    at isAdmin (D:\Proyectos\RepoGIT\vigoroso-gym-mejorado\backend\middleware\auth.js:34:3)
    at Layer.handle [as handle_request] (D:\Proyectos\RepoGIT\vigoroso-gym-mejorado\backend\node_modules\express\lib\router\layer.js:95:5)
    at next (D:\Proyectos\RepoGIT\vigoroso-gym-mejorado\backend\node_modules\express\lib\router\route.js:149:13)
    at authenticateToken (D:\Proyectos\RepoGIT\vigoroso-gym-mejorado\backend\middleware\auth.js:15:5)
    at Layer.handle [as handle_request] (D:\Proyectos\RepoGIT\vigoroso-gym-mejorado\backend\node_modules\express\lib\router\layer.js:95:5)
[2026-02-10 20:36:19] ERROR: Error en GET /api/usuarios:
Error: Unknown column 'created_at' in 'field list'
    at PromisePool.query (D:\Proyectos\RepoGIT\vigoroso-gym-mejorado\backend\node_modules\mysql2\lib\promise\pool.js:36:22)
    at D:\Proyectos\RepoGIT\vigoroso-gym-mejorado\backend\routes\usuarios.js:25:33
    at D:\Proyectos\RepoGIT\vigoroso-gym-mejorado\backend\utils\asyncHandler.js:5:19
    at Layer.handle [as handle_request] (D:\Proyectos\RepoGIT\vigoroso-gym-mejorado\backend\node_modules\express\lib\router\layer.js:95:5)
    at next (D:\Proyectos\RepoGIT\vigoroso-gym-mejorado\backend\node_modules\express\lib\router\route.js:149:13)
    at isAdmin (D:\Proyectos\RepoGIT\vigoroso-gym-mejorado\backend\middleware\auth.js:34:3)
    at Layer.handle [as handle_request] (D:\Proyectos\RepoGIT\vigoroso-gym-mejorado\backend\node_modules\express\lib\router\layer.js:95:5)
    at next (D:\Proyectos\RepoGIT\vigoroso-gym-mejorado\backend\node_modules\express\lib\router\route.js:149:13)
    at authenticateToken (D:\Proyectos\RepoGIT\vigoroso-gym-mejorado\backend\middleware\auth.js:15:5)
    at Layer.handle [as handle_request] (D:\Proyectos\RepoGIT\vigoroso-gym-mejorado\backend\node_modules\express\lib\router\layer.js:95:5)
[2026-02-10 20:37:35] ERROR: Error en GET /api/usuarios:
Error: Unknown column 'created_at' in 'field list'
    at PromisePool.query (D:\Proyectos\RepoGIT\vigoroso-gym-mejorado\backend\node_modules\mysql2\lib\promise\pool.js:36:22)
    at D:\Proyectos\RepoGIT\vigoroso-gym-mejorado\backend\routes\usuarios.js:25:33
    at D:\Proyectos\RepoGIT\vigoroso-gym-mejorado\backend\utils\asyncHandler.js:5:19
    at Layer.handle [as handle_request] (D:\Proyectos\RepoGIT\vigoroso-gym-mejorado\backend\node_modules\express\lib\router\layer.js:95:5)
    at next (D:\Proyectos\RepoGIT\vigoroso-gym-mejorado\backend\node_modules\express\lib\router\route.js:149:13)
    at isAdmin (D:\Proyectos\RepoGIT\vigoroso-gym-mejorado\backend\middleware\auth.js:34:3)
    at Layer.handle [as handle_request] (D:\Proyectos\RepoGIT\vigoroso-gym-mejorado\backend\node_modules\express\lib\router\layer.js:95:5)
    at next (D:\Proyectos\RepoGIT\vigoroso-gym-mejorado\backend\node_modules\express\lib\router\route.js:149:13)
    at authenticateToken (D:\Proyectos\RepoGIT\vigoroso-gym-mejorado\backend\middleware\auth.js:15:5)
    at Layer.handle [as handle_request] (D:\Proyectos\RepoGIT\vigoroso-gym-mejorado\backend\node_modules\express\lib\router\layer.js:95:5)
[2026-02-10 20:37:35] ERROR: Error en GET /api/usuarios:
Error: Unknown column 'created_at' in 'field list'
    at PromisePool.query (D:\Proyectos\RepoGIT\vigoroso-gym-mejorado\backend\node_modules\mysql2\lib\promise\pool.js:36:22)
    at D:\Proyectos\RepoGIT\vigoroso-gym-mejorado\backend\routes\usuarios.js:25:33
    at D:\Proyectos\RepoGIT\vigoroso-gym-mejorado\backend\utils\asyncHandler.js:5:19
    at Layer.handle [as handle_request] (D:\Proyectos\RepoGIT\vigoroso-gym-mejorado\backend\node_modules\express\lib\router\layer.js:95:5)
    at next (D:\Proyectos\RepoGIT\vigoroso-gym-mejorado\backend\node_modules\express\lib\router\route.js:149:13)
    at isAdmin (D:\Proyectos\RepoGIT\vigoroso-gym-mejorado\backend\middleware\auth.js:34:3)
    at Layer.handle [as handle_request] (D:\Proyectos\RepoGIT\vigoroso-gym-mejorado\backend\node_modules\express\lib\router\layer.js:95:5)
    at next (D:\Proyectos\RepoGIT\vigoroso-gym-mejorado\backend\node_modules\express\lib\router\route.js:149:13)
    at authenticateToken (D:\Proyectos\RepoGIT\vigoroso-gym-mejorado\backend\middleware\auth.js:15:5)
    at Layer.handle [as handle_request] (D:\Proyectos\RepoGIT\vigoroso-gym-mejorado\backend\node_modules\express\lib\router\layer.js:95:5)
[2026-02-10 20:52:02] ERROR: Error en GET /api/usuarios:
Error: Unknown column 'created_at' in 'field list'
    at PromisePool.query (D:\Proyectos\RepoGIT\vigoroso-gym-mejorado\backend\node_modules\mysql2\lib\promise\pool.js:36:22)
    at D:\Proyectos\RepoGIT\vigoroso-gym-mejorado\backend\routes\usuarios.js:25:33
    at D:\Proyectos\RepoGIT\vigoroso-gym-mejorado\backend\utils\asyncHandler.js:5:19
    at Layer.handle [as handle_request] (D:\Proyectos\RepoGIT\vigoroso-gym-mejorado\backend\node_modules\express\lib\router\layer.js:95:5)
    at next (D:\Proyectos\RepoGIT\vigoroso-gym-mejorado\backend\node_modules\express\lib\router\route.js:149:13)
    at isAdmin (D:\Proyectos\RepoGIT\vigoroso-gym-mejorado\backend\middleware\auth.js:34:3)
    at Layer.handle [as handle_request] (D:\Proyectos\RepoGIT\vigoroso-gym-mejorado\backend\node_modules\express\lib\router\layer.js:95:5)
    at next (D:\Proyectos\RepoGIT\vigoroso-gym-mejorado\backend\node_modules\express\lib\router\route.js:149:13)
    at authenticateToken (D:\Proyectos\RepoGIT\vigoroso-gym-mejorado\backend\middleware\auth.js:15:5)
    at Layer.handle [as handle_request] (D:\Proyectos\RepoGIT\vigoroso-gym-mejorado\backend\node_modules\express\lib\router\layer.js:95:5)
[2026-02-10 20:52:30] ERROR: Error en GET /api/usuarios:
Error: Unknown column 'created_at' in 'field list'
    at PromisePool.query (D:\Proyectos\RepoGIT\vigoroso-gym-mejorado\backend\node_modules\mysql2\lib\promise\pool.js:36:22)
    at D:\Proyectos\RepoGIT\vigoroso-gym-mejorado\backend\routes\usuarios.js:25:33
    at D:\Proyectos\RepoGIT\vigoroso-gym-mejorado\backend\utils\asyncHandler.js:5:19
    at Layer.handle [as handle_request] (D:\Proyectos\RepoGIT\vigoroso-gym-mejorado\backend\node_modules\express\lib\router\layer.js:95:5)
    at next (D:\Proyectos\RepoGIT\vigoroso-gym-mejorado\backend\node_modules\express\lib\router\route.js:149:13)
    at isAdmin (D:\Proyectos\RepoGIT\vigoroso-gym-mejorado\backend\middleware\auth.js:34:3)
    at Layer.handle [as handle_request] (D:\Proyectos\RepoGIT\vigoroso-gym-mejorado\backend\node_modules\express\lib\router\layer.js:95:5)
    at next (D:\Proyectos\RepoGIT\vigoroso-gym-mejorado\backend\node_modules\express\lib\router\route.js:149:13)
    at authenticateToken (D:\Proyectos\RepoGIT\vigoroso-gym-mejorado\backend\middleware\auth.js:15:5)
    at Layer.handle [as handle_request] (D:\Proyectos\RepoGIT\vigoroso-gym-mejorado\backend\node_modules\express\lib\router\layer.js:95:5)
[2026-02-10 20:52:30] ERROR: Error en GET /api/usuarios:
Error: Unknown column 'created_at' in 'field list'
    at PromisePool.query (D:\Proyectos\RepoGIT\vigoroso-gym-mejorado\backend\node_modules\mysql2\lib\promise\pool.js:36:22)
    at D:\Proyectos\RepoGIT\vigoroso-gym-mejorado\backend\routes\usuarios.js:25:33
    at D:\Proyectos\RepoGIT\vigoroso-gym-mejorado\backend\utils\asyncHandler.js:5:19
    at Layer.handle [as handle_request] (D:\Proyectos\RepoGIT\vigoroso-gym-mejorado\backend\node_modules\express\lib\router\layer.js:95:5)
    at next (D:\Proyectos\RepoGIT\vigoroso-gym-mejorado\backend\node_modules\express\lib\router\route.js:149:13)
    at isAdmin (D:\Proyectos\RepoGIT\vigoroso-gym-mejorado\backend\middleware\auth.js:34:3)
    at Layer.handle [as handle_request] (D:\Proyectos\RepoGIT\vigoroso-gym-mejorado\backend\node_modules\express\lib\router\layer.js:95:5)
    at next (D:\Proyectos\RepoGIT\vigoroso-gym-mejorado\backend\node_modules\express\lib\router\route.js:149:13)
    at authenticateToken (D:\Proyectos\RepoGIT\vigoroso-gym-mejorado\backend\middleware\auth.js:15:5)
    at Layer.handle [as handle_request] (D:\Proyectos\RepoGIT\vigoroso-gym-mejorado\backend\node_modules\express\lib\router\layer.js:95:5)
[2026-02-10 20:52:42] ERROR: Error en GET /api/usuarios:
Error: Unknown column 'created_at' in 'field list'
    at PromisePool.query (D:\Proyectos\RepoGIT\vigoroso-gym-mejorado\backend\node_modules\mysql2\lib\promise\pool.js:36:22)
    at D:\Proyectos\RepoGIT\vigoroso-gym-mejorado\backend\routes\usuarios.js:25:33
    at D:\Proyectos\RepoGIT\vigoroso-gym-mejorado\backend\utils\asyncHandler.js:5:19
    at Layer.handle [as handle_request] (D:\Proyectos\RepoGIT\vigoroso-gym-mejorado\backend\node_modules\express\lib\router\layer.js:95:5)
    at next (D:\Proyectos\RepoGIT\vigoroso-gym-mejorado\backend\node_modules\express\lib\router\route.js:149:13)
    at isAdmin (D:\Proyectos\RepoGIT\vigoroso-gym-mejorado\backend\middleware\auth.js:34:3)
    at Layer.handle [as handle_request] (D:\Proyectos\RepoGIT\vigoroso-gym-mejorado\backend\node_modules\express\lib\router\layer.js:95:5)
    at next (D:\Proyectos\RepoGIT\vigoroso-gym-mejorado\backend\node_modules\express\lib\router\route.js:149:13)
    at authenticateToken (D:\Proyectos\RepoGIT\vigoroso-gym-mejorado\backend\middleware\auth.js:15:5)
    at Layer.handle [as handle_request] (D:\Proyectos\RepoGIT\vigoroso-gym-mejorado\backend\node_modules\express\lib\router\layer.js:95:5)
